<?xml version="1.0" encoding="UTF-8"?>
<!-- Generated by org.testng.reporters.JUnitXMLReporter -->
<testsuite ignored="0" hostname="Krishna" failures="0" tests="4" name="Login Page Test" time="5.427" errors="0" timestamp="03 May 2025 11:32:11 GMT">
  <testcase classname="com.qa.opencart.tests.LoginPageTest" name="loginPageTitleTest" time="0.141"/>
  <testcase classname="com.qa.opencart.tests.LoginPageTest" name="loginPageURLTest" time="0.023"/>
  <testcase classname="com.qa.opencart.tests.LoginPageTest" name="forgotPwdLinkExistsTest" time="0.101"/>
  <testcase classname="com.qa.opencart.tests.LoginPageTest" name="loginTest" time="1.063"/>
</testsuite> <!-- Login Page Test -->
