<?xml version="1.0" encoding="UTF-8"?>
<testng-results ignored="0" total="4" passed="4" failed="0" skipped="0">
  <reporter-output>
  </reporter-output>
  <suite started-at="2025-05-03T11:32:06Z" name="Opencart App Test Regression Suite" finished-at="2025-05-03T11:32:11Z" duration-ms="5427">
    <groups>
    </groups>
    <test started-at="2025-05-03T11:32:06Z" name="Login Page Test" finished-at="2025-05-03T11:32:11Z" duration-ms="5427">
      <class name="com.qa.opencart.tests.LoginPageTest">
        <test-method is-config="true" signature="setUp()[pri:0, instance:com.qa.opencart.tests.LoginPageTest@2db4ad1]" started-at="2025-05-03T11:32:06Z" name="setUp" finished-at="2025-05-03T11:32:09Z" duration-ms="3563" status="PASS">
          <reporter-output>
          </reporter-output>
        </test-method> <!-- setUp -->
        <test-method signature="loginPageTitleTest()[pri:1, instance:com.qa.opencart.tests.LoginPageTest@2db4ad1]" started-at="2025-05-03T11:32:10Z" name="loginPageTitleTest" finished-at="2025-05-03T11:32:10Z" duration-ms="141" status="PASS">
          <reporter-output>
          </reporter-output>
        </test-method> <!-- loginPageTitleTest -->
        <test-method signature="loginPageURLTest()[pri:2, instance:com.qa.opencart.tests.LoginPageTest@2db4ad1]" started-at="2025-05-03T11:32:10Z" name="loginPageURLTest" finished-at="2025-05-03T11:32:10Z" duration-ms="23" status="PASS">
          <reporter-output>
          </reporter-output>
        </test-method> <!-- loginPageURLTest -->
        <test-method signature="forgotPwdLinkExistsTest()[pri:3, instance:com.qa.opencart.tests.LoginPageTest@2db4ad1]" started-at="2025-05-03T11:32:10Z" name="forgotPwdLinkExistsTest" finished-at="2025-05-03T11:32:10Z" duration-ms="101" status="PASS">
          <reporter-output>
          </reporter-output>
        </test-method> <!-- forgotPwdLinkExistsTest -->
        <test-method signature="loginTest()[pri:4, instance:com.qa.opencart.tests.LoginPageTest@2db4ad1]" started-at="2025-05-03T11:32:10Z" name="loginTest" finished-at="2025-05-03T11:32:11Z" duration-ms="1063" status="PASS">
          <reporter-output>
          </reporter-output>
        </test-method> <!-- loginTest -->
        <test-method is-config="true" signature="tearDown()[pri:0, instance:com.qa.opencart.tests.LoginPageTest@2db4ad1]" started-at="2025-05-03T11:32:11Z" name="tearDown" finished-at="2025-05-03T11:32:11Z" duration-ms="255" status="PASS">
          <reporter-output>
          </reporter-output>
        </test-method> <!-- tearDown -->
      </class> <!-- com.qa.opencart.tests.LoginPageTest -->
    </test> <!-- Login Page Test -->
  </suite> <!-- Opencart App Test Regression Suite -->
</testng-results>
